<?xml version="1.0" encoding="UTF-8"?>
<testng-results ignored="0" total="3" passed="3" failed="0" skipped="0">
  <reporter-output>
  </reporter-output>
  <suite started-at="2024-02-17T23:07:41 IST" name="Default suite" finished-at="2024-02-17T23:07:50 IST" duration-ms="8484">
    <groups>
    </groups>
    <test started-at="2024-02-17T23:07:41 IST" name="Default test" finished-at="2024-02-17T23:07:50 IST" duration-ms="8484">
      <class name="com.OrangeHRMApplicationPagesTests.LoginPageTest">
        <test-method is-config="true" signature="setup()[pri:0, instance:com.OrangeHRMApplicationPagesTests.LoginPageTest@449a4f23]" started-at="2024-02-17T23:07:41 IST" name="setup" finished-at="2024-02-17T23:07:44 IST" duration-ms="2531" status="PASS">
          <reporter-output>
          </reporter-output>
        </test-method> <!-- setup -->
        <test-method signature="orangeHRMApplicationLOginPage_loginpanelTextTest()[pri:1, instance:com.OrangeHRMApplicationPagesTests.LoginPageTest@449a4f23]" started-at="2024-02-17T23:07:44 IST" name="orangeHRMApplicationLOginPage_loginpanelTextTest" description="Validating OrangeHRM Login Panel Text" finished-at="2024-02-17T23:07:44 IST" duration-ms="55" status="PASS">
          <reporter-output>
          </reporter-output>
        </test-method> <!-- orangeHRMApplicationLOginPage_loginpanelTextTest -->
        <test-method is-config="true" signature="teardown()[pri:0, instance:com.OrangeHRMApplicationPagesTests.LoginPageTest@449a4f23]" started-at="2024-02-17T23:07:44 IST" name="teardown" finished-at="2024-02-17T23:07:44 IST" duration-ms="676" status="PASS">
          <reporter-output>
          </reporter-output>
        </test-method> <!-- teardown -->
        <test-method is-config="true" signature="setup()[pri:0, instance:com.OrangeHRMApplicationPagesTests.LoginPageTest@449a4f23]" started-at="2024-02-17T23:07:44 IST" name="setup" finished-at="2024-02-17T23:07:46 IST" duration-ms="1758" status="PASS">
          <reporter-output>
          </reporter-output>
        </test-method> <!-- setup -->
        <test-method signature="orangeHRMApplicationLOginPage_loginpageLogoTest()[pri:2, instance:com.OrangeHRMApplicationPagesTests.LoginPageTest@449a4f23]" started-at="2024-02-17T23:07:46 IST" name="orangeHRMApplicationLOginPage_loginpageLogoTest" description="Validating OrangeHRM LoginPage logo" finished-at="2024-02-17T23:07:46 IST" duration-ms="77" status="PASS">
          <reporter-output>
          </reporter-output>
        </test-method> <!-- orangeHRMApplicationLOginPage_loginpageLogoTest -->
        <test-method is-config="true" signature="teardown()[pri:0, instance:com.OrangeHRMApplicationPagesTests.LoginPageTest@449a4f23]" started-at="2024-02-17T23:07:46 IST" name="teardown" finished-at="2024-02-17T23:07:47 IST" duration-ms="669" status="PASS">
          <reporter-output>
          </reporter-output>
        </test-method> <!-- teardown -->
        <test-method is-config="true" signature="setup()[pri:0, instance:com.OrangeHRMApplicationPagesTests.LoginPageTest@449a4f23]" started-at="2024-02-17T23:07:47 IST" name="setup" finished-at="2024-02-17T23:07:49 IST" duration-ms="1684" status="PASS">
          <reporter-output>
          </reporter-output>
        </test-method> <!-- setup -->
        <test-method signature="orangeHRMApplicationLOginPage_loginTest()[pri:3, instance:com.OrangeHRMApplicationPagesTests.LoginPageTest@449a4f23]" started-at="2024-02-17T23:07:49 IST" name="orangeHRMApplicationLOginPage_loginTest" description="Validating Login Functionality" finished-at="2024-02-17T23:07:49 IST" duration-ms="259" status="PASS">
          <reporter-output>
          </reporter-output>
        </test-method> <!-- orangeHRMApplicationLOginPage_loginTest -->
        <test-method is-config="true" signature="teardown()[pri:0, instance:com.OrangeHRMApplicationPagesTests.LoginPageTest@449a4f23]" started-at="2024-02-17T23:07:49 IST" name="teardown" finished-at="2024-02-17T23:07:50 IST" duration-ms="696" status="PASS">
          <reporter-output>
          </reporter-output>
        </test-method> <!-- teardown -->
      </class> <!-- com.OrangeHRMApplicationPagesTests.LoginPageTest -->
    </test> <!-- Default test -->
  </suite> <!-- Default suite -->
</testng-results>
