<?xml version="1.0" encoding="UTF-8"?>
<!-- Generated by org.testng.reporters.JUnitXMLReporter -->
<testsuite ignored="0" hostname="PardhaSaradhi" failures="0" tests="3" name="Default test" time="8.484" errors="0" timestamp="2024-02-17T23:07:50 IST">
  <testcase classname="com.OrangeHRMApplicationPagesTests.LoginPageTest" name="orangeHRMApplicationLOginPage_loginpanelTextTest" time="0.055"/>
  <testcase classname="com.OrangeHRMApplicationPagesTests.LoginPageTest" name="orangeHRMApplicationLOginPage_loginpageLogoTest" time="0.077"/>
  <testcase classname="com.OrangeHRMApplicationPagesTests.LoginPageTest" name="orangeHRMApplicationLOginPage_loginTest" time="0.259"/>
</testsuite> <!-- Default test -->
