<?xml version="1.0" encoding="UTF-8"?>
<testng-results ignored="0" total="1" passed="1" failed="0" skipped="0">
  <reporter-output>
  </reporter-output>
  <suite started-at="2024-02-16T21:59:28 IST" name="Default suite" finished-at="2024-02-16T21:59:44 IST" duration-ms="15821">
    <groups>
    </groups>
    <test started-at="2024-02-16T21:59:28 IST" name="Default test" finished-at="2024-02-16T21:59:44 IST" duration-ms="15821">
      <class name="com.Dropdown.OsmanialanguageDropDown">
        <test-method is-config="true" signature="setup()[pri:0, instance:com.Dropdown.OsmanialanguageDropDown@209da20d]" started-at="2024-02-16T21:59:28 IST" name="setup" finished-at="2024-02-16T21:59:33 IST" duration-ms="4866" status="PASS">
          <reporter-output>
          </reporter-output>
        </test-method> <!-- setup -->
        <test-method signature="selectlanguage()[pri:0, instance:com.Dropdown.OsmanialanguageDropDown@209da20d]" started-at="2024-02-16T21:59:33 IST" name="selectlanguage" finished-at="2024-02-16T21:59:43 IST" duration-ms="10200" status="PASS">
          <reporter-output>
          </reporter-output>
        </test-method> <!-- selectlanguage -->
        <test-method is-config="true" signature="teardown()[pri:0, instance:com.Dropdown.OsmanialanguageDropDown@209da20d]" started-at="2024-02-16T21:59:43 IST" name="teardown" finished-at="2024-02-16T21:59:44 IST" duration-ms="722" status="PASS">
          <reporter-output>
          </reporter-output>
        </test-method> <!-- teardown -->
      </class> <!-- com.Dropdown.OsmanialanguageDropDown -->
    </test> <!-- Default test -->
  </suite> <!-- Default suite -->
</testng-results>
