<?xml version="1.0" encoding="UTF-8"?>
<testng-results ignored="0" total="1" passed="1" failed="0" skipped="0">
  <reporter-output>
  </reporter-output>
  <suite started-at="2024-02-16T23:48:50 IST" name="Default suite" finished-at="2024-02-16T23:48:57 IST" duration-ms="6712">
    <groups>
    </groups>
    <test started-at="2024-02-16T23:48:50 IST" name="Default test" finished-at="2024-02-16T23:48:57 IST" duration-ms="6712">
      <class name="com.EchoEchoApplicationRadioButtons.RadioButtonsTesting">
        <test-method is-config="true" signature="setup()[pri:0, instance:com.EchoEchoApplicationRadioButtons.RadioButtonsTesting@57a78e3]" started-at="2024-02-16T23:48:50 IST" name="setup" finished-at="2024-02-16T23:48:55 IST" duration-ms="5513" status="PASS">
          <reporter-output>
          </reporter-output>
        </test-method> <!-- setup -->
        <test-method signature="group1RadioButtons()[pri:0, instance:com.EchoEchoApplicationRadioButtons.RadioButtonsTesting@57a78e3]" started-at="2024-02-16T23:48:55 IST" name="group1RadioButtons" finished-at="2024-02-16T23:48:56 IST" duration-ms="526" status="PASS">
          <reporter-output>
          </reporter-output>
        </test-method> <!-- group1RadioButtons -->
        <test-method is-config="true" signature="teardown()[pri:0, instance:com.EchoEchoApplicationRadioButtons.RadioButtonsTesting@57a78e3]" started-at="2024-02-16T23:48:56 IST" name="teardown" finished-at="2024-02-16T23:48:57 IST" duration-ms="629" status="PASS">
          <reporter-output>
          </reporter-output>
        </test-method> <!-- teardown -->
      </class> <!-- com.EchoEchoApplicationRadioButtons.RadioButtonsTesting -->
    </test> <!-- Default test -->
  </suite> <!-- Default suite -->
</testng-results>
